2021-06-30T07:46:28+00:00 CRITICAL Uncaught TypeError: imagesx(): Argument #1 ($image) must be of type GdImage, bool given in /Applications/XAMPP/xamppfiles/htdocs/myproject/wordpress/wp-content/plugins/import-cdn-remote-images/import-cdn-remote-images.php:417
Stack trace:
#0 /Applications/XAMPP/xamppfiles/htdocs/myproject/wordpress/wp-content/plugins/import-cdn-remote-images/import-cdn-remote-images.php(417): imagesx(false)
#1 /Applications/XAMPP/xamppfiles/htdocs/myproject/wordpress/wp-content/plugins/import-cdn-remote-images/import-cdn-remote-images.php(229): atakanauICRI->get_img_info_obj('https://res.clo...')
#2 /Applications/XAMPP/xamppfiles/htdocs/myproject/wordpress/wp-content/plugins/import-cdn-remote-images/import-cdn-remote-images.php(187): atakanauICRI->fn_prepae_external_image_data()
#3 /Applications/XAMPP/xamppfiles/htdocs/myproject/wordpress/wp-includes/class-wp-hook.php(292): atakanauICRI->aauicri_admin_ajax('')
#4 /Applications/XAMPP/xamppfiles/htdocs/myproject/wordpress/wp-includes/class-wp-hook.php(316): WP_Hook->apply_filters('', Array)
#5 /Applications/XAMPP/xamppfiles/htdocs/myproject/wordpress/wp-includes/plugin.php(484): WP_Hook->do_action(Array)
#6 /Applications/XAMPP/xamppfiles/htdocs/myproject/wordpress/wp-admin/admin-ajax.php(187): do_action('wp_ajax_aauicri...')
#7 {main}
  thrown in /Applications/XAMPP/xamppfiles/htdocs/myproject/wordpress/wp-content/plugins/import-cdn-remote-images/import-cdn-remote-images.php on line 417

2021-06-30T07:46:37+00:00 CRITICAL Uncaught TypeError: imagesx(): Argument #1 ($image) must be of type GdImage, bool given in /Applications/XAMPP/xamppfiles/htdocs/myproject/wordpress/wp-content/plugins/import-cdn-remote-images/import-cdn-remote-images.php:417
Stack trace:
#0 /Applications/XAMPP/xamppfiles/htdocs/myproject/wordpress/wp-content/plugins/import-cdn-remote-images/import-cdn-remote-images.php(417): imagesx(false)
#1 /Applications/XAMPP/xamppfiles/htdocs/myproject/wordpress/wp-content/plugins/import-cdn-remote-images/import-cdn-remote-images.php(229): atakanauICRI->get_img_info_obj('https://res.clo...')
#2 /Applications/XAMPP/xamppfiles/htdocs/myproject/wordpress/wp-content/plugins/import-cdn-remote-images/import-cdn-remote-images.php(187): atakanauICRI->fn_prepae_external_image_data()
#3 /Applications/XAMPP/xamppfiles/htdocs/myproject/wordpress/wp-includes/class-wp-hook.php(292): atakanauICRI->aauicri_admin_ajax('')
#4 /Applications/XAMPP/xamppfiles/htdocs/myproject/wordpress/wp-includes/class-wp-hook.php(316): WP_Hook->apply_filters('', Array)
#5 /Applications/XAMPP/xamppfiles/htdocs/myproject/wordpress/wp-includes/plugin.php(484): WP_Hook->do_action(Array)
#6 /Applications/XAMPP/xamppfiles/htdocs/myproject/wordpress/wp-admin/admin-ajax.php(187): do_action('wp_ajax_aauicri...')
#7 {main}
  thrown in /Applications/XAMPP/xamppfiles/htdocs/myproject/wordpress/wp-content/plugins/import-cdn-remote-images/import-cdn-remote-images.php on line 417

2021-06-30T08:06:09+00:00 CRITICAL Uncaught TypeError: imagesx(): Argument #1 ($image) must be of type GdImage, bool given in /Applications/XAMPP/xamppfiles/htdocs/myproject/wordpress/wp-content/plugins/import-cdn-remote-images/import-cdn-remote-images.php:417
Stack trace:
#0 /Applications/XAMPP/xamppfiles/htdocs/myproject/wordpress/wp-content/plugins/import-cdn-remote-images/import-cdn-remote-images.php(417): imagesx(false)
#1 /Applications/XAMPP/xamppfiles/htdocs/myproject/wordpress/wp-content/plugins/import-cdn-remote-images/import-cdn-remote-images.php(229): atakanauICRI->get_img_info_obj('https://res.clo...')
#2 /Applications/XAMPP/xamppfiles/htdocs/myproject/wordpress/wp-content/plugins/import-cdn-remote-images/import-cdn-remote-images.php(187): atakanauICRI->fn_prepae_external_image_data()
#3 /Applications/XAMPP/xamppfiles/htdocs/myproject/wordpress/wp-includes/class-wp-hook.php(292): atakanauICRI->aauicri_admin_ajax('')
#4 /Applications/XAMPP/xamppfiles/htdocs/myproject/wordpress/wp-includes/class-wp-hook.php(316): WP_Hook->apply_filters('', Array)
#5 /Applications/XAMPP/xamppfiles/htdocs/myproject/wordpress/wp-includes/plugin.php(484): WP_Hook->do_action(Array)
#6 /Applications/XAMPP/xamppfiles/htdocs/myproject/wordpress/wp-admin/admin-ajax.php(187): do_action('wp_ajax_aauicri...')
#7 {main}
  thrown in /Applications/XAMPP/xamppfiles/htdocs/myproject/wordpress/wp-content/plugins/import-cdn-remote-images/import-cdn-remote-images.php on line 417

2021-06-30T08:20:48+00:00 CRITICAL Uncaught TypeError: imagesx(): Argument #1 ($image) must be of type GdImage, bool given in /Applications/XAMPP/xamppfiles/htdocs/myproject/wordpress/wp-content/plugins/import-cdn-remote-images/import-cdn-remote-images.php:417
Stack trace:
#0 /Applications/XAMPP/xamppfiles/htdocs/myproject/wordpress/wp-content/plugins/import-cdn-remote-images/import-cdn-remote-images.php(417): imagesx(false)
#1 /Applications/XAMPP/xamppfiles/htdocs/myproject/wordpress/wp-content/plugins/import-cdn-remote-images/import-cdn-remote-images.php(229): atakanauICRI->get_img_info_obj('https://res.clo...')
#2 /Applications/XAMPP/xamppfiles/htdocs/myproject/wordpress/wp-content/plugins/import-cdn-remote-images/import-cdn-remote-images.php(187): atakanauICRI->fn_prepae_external_image_data()
#3 /Applications/XAMPP/xamppfiles/htdocs/myproject/wordpress/wp-includes/class-wp-hook.php(292): atakanauICRI->aauicri_admin_ajax('')
#4 /Applications/XAMPP/xamppfiles/htdocs/myproject/wordpress/wp-includes/class-wp-hook.php(316): WP_Hook->apply_filters('', Array)
#5 /Applications/XAMPP/xamppfiles/htdocs/myproject/wordpress/wp-includes/plugin.php(484): WP_Hook->do_action(Array)
#6 /Applications/XAMPP/xamppfiles/htdocs/myproject/wordpress/wp-admin/admin-ajax.php(187): do_action('wp_ajax_aauicri...')
#7 {main}
  thrown in /Applications/XAMPP/xamppfiles/htdocs/myproject/wordpress/wp-content/plugins/import-cdn-remote-images/import-cdn-remote-images.php on line 417

