2021-07-02T09:19:35+00:00 CRITICAL Uncaught TypeError: ftp_nlist(): Argument #1 ($ftp) must be of type resource, null given in /Applications/XAMPP/xamppfiles/htdocs/myproject/wordpress/wp-admin/includes/class-wp-filesystem-ftpext.php:420
Stack trace:
#0 /Applications/XAMPP/xamppfiles/htdocs/myproject/wordpress/wp-admin/includes/class-wp-filesystem-ftpext.php(420): ftp_nlist(NULL, '/Applications/X...')
#1 /Applications/XAMPP/xamppfiles/htdocs/myproject/wordpress/wp-content/plugins/seo-by-rank-math/includes/modules/robots-txt/class-robots-txt.php(94): WP_Filesystem_FTPext->exists('/Applications/X...')
#2 /Applications/XAMPP/xamppfiles/htdocs/myproject/wordpress/wp-content/plugins/seo-by-rank-math/includes/modules/robots-txt/options.php(14): RankMath\Robots_Txt::get_robots_data()
#3 /Applications/XAMPP/xamppfiles/htdocs/myproject/wordpress/wp-content/plugins/seo-by-rank-math/includes/admin/class-options.php(168): include('/Applications/X...')
#4 /Applications/XAMPP/xamppfiles/htdocs/myproject/wordpress/wp-includes/class-wp-hook.php(292): RankMath\Admin\Options->register_option_page('')
#5 /Applications/XAMPP/xamppfiles/htdocs/myproject/wordpress/wp-includes/class-wp-hook.php(316): WP_Hook->apply_filters(NULL, Array)
#6 /Applications/XAMPP/xamppfiles/htdocs/myproject/wordpress/wp-includes/plugin.php(484): WP_Hook->do_action(Array)
#7 /Applications/XAMPP/xamppfiles/htdocs/myproject/wordpress/wp-content/plugins/seo-by-rank-math/vendor/cmb2/cmb2/bootstrap.php(26): do_action('cmb2_admin_init')
#8 /Applications/XAMPP/xamppfiles/htdocs/myproject/wordpress/wp-content/plugins/seo-by-rank-math/vendor/cmb2/cmb2/init.php(165): cmb2_bootstrap()
#9 /Applications/XAMPP/xamppfiles/htdocs/myproject/wordpress/wp-includes/class-wp-hook.php(292): CMB2_Bootstrap_290->include_cmb('')
#10 /Applications/XAMPP/xamppfiles/htdocs/myproject/wordpress/wp-includes/class-wp-hook.php(316): WP_Hook->apply_filters(NULL, Array)
#11 /Applications/XAMPP/xamppfiles/htdocs/myproject/wordpress/wp-includes/plugin.php(484): WP_Hook->do_action(Array)
#12 /Applications/XAMPP/xamppfiles/htdocs/myproject/wordpress/wp-settings.php(560): do_action('init')
#13 /Applications/XAMPP/xamppfiles/htdocs/myproject/wordpress/wp-config.php(90): require_once('/Applications/X...')
#14 /Applications/XAMPP/xamppfiles/htdocs/myproject/wordpress/wp-load.php(37): require_once('/Applications/X...')
#15 /Applications/XAMPP/xamppfiles/htdocs/myproject/wordpress/wp-admin/admin.php(34): require_once('/Applications/X...')
#16 {main}
  thrown in /Applications/XAMPP/xamppfiles/htdocs/myproject/wordpress/wp-admin/includes/class-wp-filesystem-ftpext.php on line 420

2021-07-02T09:19:48+00:00 CRITICAL Uncaught TypeError: ftp_nlist(): Argument #1 ($ftp) must be of type resource, null given in /Applications/XAMPP/xamppfiles/htdocs/myproject/wordpress/wp-admin/includes/class-wp-filesystem-ftpext.php:420
Stack trace:
#0 /Applications/XAMPP/xamppfiles/htdocs/myproject/wordpress/wp-admin/includes/class-wp-filesystem-ftpext.php(420): ftp_nlist(NULL, '/Applications/X...')
#1 /Applications/XAMPP/xamppfiles/htdocs/myproject/wordpress/wp-content/plugins/seo-by-rank-math/includes/modules/robots-txt/class-robots-txt.php(94): WP_Filesystem_FTPext->exists('/Applications/X...')
#2 /Applications/XAMPP/xamppfiles/htdocs/myproject/wordpress/wp-content/plugins/seo-by-rank-math/includes/modules/robots-txt/options.php(14): RankMath\Robots_Txt::get_robots_data()
#3 /Applications/XAMPP/xamppfiles/htdocs/myproject/wordpress/wp-content/plugins/seo-by-rank-math/includes/admin/class-options.php(168): include('/Applications/X...')
#4 /Applications/XAMPP/xamppfiles/htdocs/myproject/wordpress/wp-includes/class-wp-hook.php(292): RankMath\Admin\Options->register_option_page('')
#5 /Applications/XAMPP/xamppfiles/htdocs/myproject/wordpress/wp-includes/class-wp-hook.php(316): WP_Hook->apply_filters('', Array)
#6 /Applications/XAMPP/xamppfiles/htdocs/myproject/wordpress/wp-includes/plugin.php(484): WP_Hook->do_action(Array)
#7 /Applications/XAMPP/xamppfiles/htdocs/myproject/wordpress/wp-content/plugins/seo-by-rank-math/vendor/cmb2/cmb2/bootstrap.php(26): do_action('cmb2_admin_init')
#8 /Applications/XAMPP/xamppfiles/htdocs/myproject/wordpress/wp-content/plugins/seo-by-rank-math/vendor/cmb2/cmb2/init.php(165): cmb2_bootstrap()
#9 /Applications/XAMPP/xamppfiles/htdocs/myproject/wordpress/wp-includes/class-wp-hook.php(292): CMB2_Bootstrap_290->include_cmb('')
#10 /Applications/XAMPP/xamppfiles/htdocs/myproject/wordpress/wp-includes/class-wp-hook.php(316): WP_Hook->apply_filters(NULL, Array)
#11 /Applications/XAMPP/xamppfiles/htdocs/myproject/wordpress/wp-includes/plugin.php(484): WP_Hook->do_action(Array)
#12 /Applications/XAMPP/xamppfiles/htdocs/myproject/wordpress/wp-settings.php(560): do_action('init')
#13 /Applications/XAMPP/xamppfiles/htdocs/myproject/wordpress/wp-config.php(90): require_once('/Applications/X...')
#14 /Applications/XAMPP/xamppfiles/htdocs/myproject/wordpress/wp-load.php(37): require_once('/Applications/X...')
#15 /Applications/XAMPP/xamppfiles/htdocs/myproject/wordpress/wp-admin/admin.php(34): require_once('/Applications/X...')
#16 /Applications/XAMPP/xamppfiles/htdocs/myproject/wordpress/wp-admin/post.php(12): require_once('/Applications/X...')
#17 {main}
  thrown in /Applications/XAMPP/xamppfiles/htdocs/myproject/wordpress/wp-admin/includes/class-wp-filesystem-ftpext.php on line 420

2021-07-02T09:19:49+00:00 CRITICAL Uncaught TypeError: ftp_nlist(): Argument #1 ($ftp) must be of type resource, null given in /Applications/XAMPP/xamppfiles/htdocs/myproject/wordpress/wp-admin/includes/class-wp-filesystem-ftpext.php:420
Stack trace:
#0 /Applications/XAMPP/xamppfiles/htdocs/myproject/wordpress/wp-admin/includes/class-wp-filesystem-ftpext.php(420): ftp_nlist(NULL, '/Applications/X...')
#1 /Applications/XAMPP/xamppfiles/htdocs/myproject/wordpress/wp-content/plugins/seo-by-rank-math/includes/modules/robots-txt/class-robots-txt.php(94): WP_Filesystem_FTPext->exists('/Applications/X...')
#2 /Applications/XAMPP/xamppfiles/htdocs/myproject/wordpress/wp-content/plugins/seo-by-rank-math/includes/modules/robots-txt/options.php(14): RankMath\Robots_Txt::get_robots_data()
#3 /Applications/XAMPP/xamppfiles/htdocs/myproject/wordpress/wp-content/plugins/seo-by-rank-math/includes/admin/class-options.php(168): include('/Applications/X...')
#4 /Applications/XAMPP/xamppfiles/htdocs/myproject/wordpress/wp-includes/class-wp-hook.php(292): RankMath\Admin\Options->register_option_page('')
#5 /Applications/XAMPP/xamppfiles/htdocs/myproject/wordpress/wp-includes/class-wp-hook.php(316): WP_Hook->apply_filters('', Array)
#6 /Applications/XAMPP/xamppfiles/htdocs/myproject/wordpress/wp-includes/plugin.php(484): WP_Hook->do_action(Array)
#7 /Applications/XAMPP/xamppfiles/htdocs/myproject/wordpress/wp-content/plugins/seo-by-rank-math/vendor/cmb2/cmb2/bootstrap.php(26): do_action('cmb2_admin_init')
#8 /Applications/XAMPP/xamppfiles/htdocs/myproject/wordpress/wp-content/plugins/seo-by-rank-math/vendor/cmb2/cmb2/init.php(165): cmb2_bootstrap()
#9 /Applications/XAMPP/xamppfiles/htdocs/myproject/wordpress/wp-includes/class-wp-hook.php(292): CMB2_Bootstrap_290->include_cmb('')
#10 /Applications/XAMPP/xamppfiles/htdocs/myproject/wordpress/wp-includes/class-wp-hook.php(316): WP_Hook->apply_filters(NULL, Array)
#11 /Applications/XAMPP/xamppfiles/htdocs/myproject/wordpress/wp-includes/plugin.php(484): WP_Hook->do_action(Array)
#12 /Applications/XAMPP/xamppfiles/htdocs/myproject/wordpress/wp-settings.php(560): do_action('init')
#13 /Applications/XAMPP/xamppfiles/htdocs/myproject/wordpress/wp-config.php(90): require_once('/Applications/X...')
#14 /Applications/XAMPP/xamppfiles/htdocs/myproject/wordpress/wp-load.php(37): require_once('/Applications/X...')
#15 /Applications/XAMPP/xamppfiles/htdocs/myproject/wordpress/wp-admin/admin-ajax.php(22): require_once('/Applications/X...')
#16 {main}
  thrown in /Applications/XAMPP/xamppfiles/htdocs/myproject/wordpress/wp-admin/includes/class-wp-filesystem-ftpext.php on line 420

2021-07-02T09:19:50+00:00 CRITICAL Uncaught TypeError: ftp_nlist(): Argument #1 ($ftp) must be of type resource, null given in /Applications/XAMPP/xamppfiles/htdocs/myproject/wordpress/wp-admin/includes/class-wp-filesystem-ftpext.php:420
Stack trace:
#0 /Applications/XAMPP/xamppfiles/htdocs/myproject/wordpress/wp-admin/includes/class-wp-filesystem-ftpext.php(420): ftp_nlist(NULL, '/Applications/X...')
#1 /Applications/XAMPP/xamppfiles/htdocs/myproject/wordpress/wp-content/plugins/seo-by-rank-math/includes/modules/robots-txt/class-robots-txt.php(94): WP_Filesystem_FTPext->exists('/Applications/X...')
#2 /Applications/XAMPP/xamppfiles/htdocs/myproject/wordpress/wp-content/plugins/seo-by-rank-math/includes/modules/robots-txt/options.php(14): RankMath\Robots_Txt::get_robots_data()
#3 /Applications/XAMPP/xamppfiles/htdocs/myproject/wordpress/wp-content/plugins/seo-by-rank-math/includes/admin/class-options.php(168): include('/Applications/X...')
#4 /Applications/XAMPP/xamppfiles/htdocs/myproject/wordpress/wp-includes/class-wp-hook.php(292): RankMath\Admin\Options->register_option_page('')
#5 /Applications/XAMPP/xamppfiles/htdocs/myproject/wordpress/wp-includes/class-wp-hook.php(316): WP_Hook->apply_filters('', Array)
#6 /Applications/XAMPP/xamppfiles/htdocs/myproject/wordpress/wp-includes/plugin.php(484): WP_Hook->do_action(Array)
#7 /Applications/XAMPP/xamppfiles/htdocs/myproject/wordpress/wp-content/plugins/seo-by-rank-math/vendor/cmb2/cmb2/bootstrap.php(26): do_action('cmb2_admin_init')
#8 /Applications/XAMPP/xamppfiles/htdocs/myproject/wordpress/wp-content/plugins/seo-by-rank-math/vendor/cmb2/cmb2/init.php(165): cmb2_bootstrap()
#9 /Applications/XAMPP/xamppfiles/htdocs/myproject/wordpress/wp-includes/class-wp-hook.php(292): CMB2_Bootstrap_290->include_cmb('')
#10 /Applications/XAMPP/xamppfiles/htdocs/myproject/wordpress/wp-includes/class-wp-hook.php(316): WP_Hook->apply_filters(NULL, Array)
#11 /Applications/XAMPP/xamppfiles/htdocs/myproject/wordpress/wp-includes/plugin.php(484): WP_Hook->do_action(Array)
#12 /Applications/XAMPP/xamppfiles/htdocs/myproject/wordpress/wp-settings.php(560): do_action('init')
#13 /Applications/XAMPP/xamppfiles/htdocs/myproject/wordpress/wp-config.php(90): require_once('/Applications/X...')
#14 /Applications/XAMPP/xamppfiles/htdocs/myproject/wordpress/wp-load.php(37): require_once('/Applications/X...')
#15 /Applications/XAMPP/xamppfiles/htdocs/myproject/wordpress/wp-admin/admin.php(34): require_once('/Applications/X...')
#16 /Applications/XAMPP/xamppfiles/htdocs/myproject/wordpress/wp-admin/index.php(10): require_once('/Applications/X...')
#17 {main}
  thrown in /Applications/XAMPP/xamppfiles/htdocs/myproject/wordpress/wp-admin/includes/class-wp-filesystem-ftpext.php on line 420

2021-07-02T09:21:15+00:00 CRITICAL Uncaught TypeError: ftp_nlist(): Argument #1 ($ftp) must be of type resource, null given in /Applications/XAMPP/xamppfiles/htdocs/myproject/wordpress/wp-admin/includes/class-wp-filesystem-ftpext.php:420
Stack trace:
#0 /Applications/XAMPP/xamppfiles/htdocs/myproject/wordpress/wp-admin/includes/class-wp-filesystem-ftpext.php(420): ftp_nlist(NULL, '/Applications/X...')
#1 /Applications/XAMPP/xamppfiles/htdocs/myproject/wordpress/wp-content/plugins/seo-by-rank-math/includes/modules/robots-txt/class-robots-txt.php(94): WP_Filesystem_FTPext->exists('/Applications/X...')
#2 /Applications/XAMPP/xamppfiles/htdocs/myproject/wordpress/wp-content/plugins/seo-by-rank-math/includes/modules/robots-txt/options.php(14): RankMath\Robots_Txt::get_robots_data()
#3 /Applications/XAMPP/xamppfiles/htdocs/myproject/wordpress/wp-content/plugins/seo-by-rank-math/includes/admin/class-options.php(168): include('/Applications/X...')
#4 /Applications/XAMPP/xamppfiles/htdocs/myproject/wordpress/wp-includes/class-wp-hook.php(292): RankMath\Admin\Options->register_option_page('')
#5 /Applications/XAMPP/xamppfiles/htdocs/myproject/wordpress/wp-includes/class-wp-hook.php(316): WP_Hook->apply_filters('', Array)
#6 /Applications/XAMPP/xamppfiles/htdocs/myproject/wordpress/wp-includes/plugin.php(484): WP_Hook->do_action(Array)
#7 /Applications/XAMPP/xamppfiles/htdocs/myproject/wordpress/wp-content/plugins/seo-by-rank-math/vendor/cmb2/cmb2/bootstrap.php(26): do_action('cmb2_admin_init')
#8 /Applications/XAMPP/xamppfiles/htdocs/myproject/wordpress/wp-content/plugins/seo-by-rank-math/vendor/cmb2/cmb2/init.php(165): cmb2_bootstrap()
#9 /Applications/XAMPP/xamppfiles/htdocs/myproject/wordpress/wp-includes/class-wp-hook.php(292): CMB2_Bootstrap_290->include_cmb('')
#10 /Applications/XAMPP/xamppfiles/htdocs/myproject/wordpress/wp-includes/class-wp-hook.php(316): WP_Hook->apply_filters(NULL, Array)
#11 /Applications/XAMPP/xamppfiles/htdocs/myproject/wordpress/wp-includes/plugin.php(484): WP_Hook->do_action(Array)
#12 /Applications/XAMPP/xamppfiles/htdocs/myproject/wordpress/wp-settings.php(560): do_action('init')
#13 /Applications/XAMPP/xamppfiles/htdocs/myproject/wordpress/wp-config.php(90): require_once('/Applications/X...')
#14 /Applications/XAMPP/xamppfiles/htdocs/myproject/wordpress/wp-load.php(37): require_once('/Applications/X...')
#15 /Applications/XAMPP/xamppfiles/htdocs/myproject/wordpress/wp-admin/admin.php(34): require_once('/Applications/X...')
#16 /Applications/XAMPP/xamppfiles/htdocs/myproject/wordpress/wp-admin/plugins.php(10): require_once('/Applications/X...')
#17 {main}
  thrown in /Applications/XAMPP/xamppfiles/htdocs/myproject/wordpress/wp-admin/includes/class-wp-filesystem-ftpext.php on line 420

2021-07-02T09:22:36+00:00 CRITICAL Uncaught TypeError: ftp_nlist(): Argument #1 ($ftp) must be of type resource, null given in /Applications/XAMPP/xamppfiles/htdocs/myproject/wordpress/wp-admin/includes/class-wp-filesystem-ftpext.php:420
Stack trace:
#0 /Applications/XAMPP/xamppfiles/htdocs/myproject/wordpress/wp-admin/includes/class-wp-filesystem-ftpext.php(420): ftp_nlist(NULL, '/Applications/X...')
#1 /Applications/XAMPP/xamppfiles/htdocs/myproject/wordpress/wp-content/plugins/seo-by-rank-math/includes/modules/robots-txt/class-robots-txt.php(94): WP_Filesystem_FTPext->exists('/Applications/X...')
#2 /Applications/XAMPP/xamppfiles/htdocs/myproject/wordpress/wp-content/plugins/seo-by-rank-math/includes/modules/robots-txt/options.php(14): RankMath\Robots_Txt::get_robots_data()
#3 /Applications/XAMPP/xamppfiles/htdocs/myproject/wordpress/wp-content/plugins/seo-by-rank-math/includes/admin/class-options.php(168): include('/Applications/X...')
#4 /Applications/XAMPP/xamppfiles/htdocs/myproject/wordpress/wp-includes/class-wp-hook.php(292): RankMath\Admin\Options->register_option_page('')
#5 /Applications/XAMPP/xamppfiles/htdocs/myproject/wordpress/wp-includes/class-wp-hook.php(316): WP_Hook->apply_filters('', Array)
#6 /Applications/XAMPP/xamppfiles/htdocs/myproject/wordpress/wp-includes/plugin.php(484): WP_Hook->do_action(Array)
#7 /Applications/XAMPP/xamppfiles/htdocs/myproject/wordpress/wp-content/plugins/seo-by-rank-math/vendor/cmb2/cmb2/bootstrap.php(26): do_action('cmb2_admin_init')
#8 /Applications/XAMPP/xamppfiles/htdocs/myproject/wordpress/wp-content/plugins/seo-by-rank-math/vendor/cmb2/cmb2/init.php(165): cmb2_bootstrap()
#9 /Applications/XAMPP/xamppfiles/htdocs/myproject/wordpress/wp-includes/class-wp-hook.php(292): CMB2_Bootstrap_290->include_cmb('')
#10 /Applications/XAMPP/xamppfiles/htdocs/myproject/wordpress/wp-includes/class-wp-hook.php(316): WP_Hook->apply_filters(NULL, Array)
#11 /Applications/XAMPP/xamppfiles/htdocs/myproject/wordpress/wp-includes/plugin.php(484): WP_Hook->do_action(Array)
#12 /Applications/XAMPP/xamppfiles/htdocs/myproject/wordpress/wp-settings.php(560): do_action('init')
#13 /Applications/XAMPP/xamppfiles/htdocs/myproject/wordpress/wp-config.php(90): require_once('/Applications/X...')
#14 /Applications/XAMPP/xamppfiles/htdocs/myproject/wordpress/wp-load.php(37): require_once('/Applications/X...')
#15 /Applications/XAMPP/xamppfiles/htdocs/myproject/wordpress/wp-admin/admin.php(34): require_once('/Applications/X...')
#16 /Applications/XAMPP/xamppfiles/htdocs/myproject/wordpress/wp-admin/plugins.php(10): require_once('/Applications/X...')
#17 {main}
  thrown in /Applications/XAMPP/xamppfiles/htdocs/myproject/wordpress/wp-admin/includes/class-wp-filesystem-ftpext.php on line 420

2021-07-02T09:26:31+00:00 CRITICAL Uncaught TypeError: ftp_nlist(): Argument #1 ($ftp) must be of type resource, null given in /Applications/XAMPP/xamppfiles/htdocs/myproject/wordpress/wp-admin/includes/class-wp-filesystem-ftpext.php:420
Stack trace:
#0 /Applications/XAMPP/xamppfiles/htdocs/myproject/wordpress/wp-admin/includes/class-wp-filesystem-ftpext.php(420): ftp_nlist(NULL, '/Applications/X...')
#1 /Applications/XAMPP/xamppfiles/htdocs/myproject/wordpress/wp-content/plugins/seo-by-rank-math/includes/modules/robots-txt/class-robots-txt.php(94): WP_Filesystem_FTPext->exists('/Applications/X...')
#2 /Applications/XAMPP/xamppfiles/htdocs/myproject/wordpress/wp-content/plugins/seo-by-rank-math/includes/modules/robots-txt/options.php(14): RankMath\Robots_Txt::get_robots_data()
#3 /Applications/XAMPP/xamppfiles/htdocs/myproject/wordpress/wp-content/plugins/seo-by-rank-math/includes/admin/class-options.php(168): include('/Applications/X...')
#4 /Applications/XAMPP/xamppfiles/htdocs/myproject/wordpress/wp-includes/class-wp-hook.php(292): RankMath\Admin\Options->register_option_page('')
#5 /Applications/XAMPP/xamppfiles/htdocs/myproject/wordpress/wp-includes/class-wp-hook.php(316): WP_Hook->apply_filters('', Array)
#6 /Applications/XAMPP/xamppfiles/htdocs/myproject/wordpress/wp-includes/plugin.php(484): WP_Hook->do_action(Array)
#7 /Applications/XAMPP/xamppfiles/htdocs/myproject/wordpress/wp-content/plugins/seo-by-rank-math/vendor/cmb2/cmb2/bootstrap.php(26): do_action('cmb2_admin_init')
#8 /Applications/XAMPP/xamppfiles/htdocs/myproject/wordpress/wp-content/plugins/seo-by-rank-math/vendor/cmb2/cmb2/init.php(165): cmb2_bootstrap()
#9 /Applications/XAMPP/xamppfiles/htdocs/myproject/wordpress/wp-includes/class-wp-hook.php(292): CMB2_Bootstrap_290->include_cmb('')
#10 /Applications/XAMPP/xamppfiles/htdocs/myproject/wordpress/wp-includes/class-wp-hook.php(316): WP_Hook->apply_filters(NULL, Array)
#11 /Applications/XAMPP/xamppfiles/htdocs/myproject/wordpress/wp-includes/plugin.php(484): WP_Hook->do_action(Array)
#12 /Applications/XAMPP/xamppfiles/htdocs/myproject/wordpress/wp-settings.php(560): do_action('init')
#13 /Applications/XAMPP/xamppfiles/htdocs/myproject/wordpress/wp-config.php(90): require_once('/Applications/X...')
#14 /Applications/XAMPP/xamppfiles/htdocs/myproject/wordpress/wp-load.php(37): require_once('/Applications/X...')
#15 /Applications/XAMPP/xamppfiles/htdocs/myproject/wordpress/wp-admin/admin.php(34): require_once('/Applications/X...')
#16 /Applications/XAMPP/xamppfiles/htdocs/myproject/wordpress/wp-admin/plugins.php(10): require_once('/Applications/X...')
#17 {main}
  thrown in /Applications/XAMPP/xamppfiles/htdocs/myproject/wordpress/wp-admin/includes/class-wp-filesystem-ftpext.php on line 420

2021-07-02T09:30:08+00:00 CRITICAL Uncaught TypeError: ftp_nlist(): Argument #1 ($ftp) must be of type resource, null given in /Applications/XAMPP/xamppfiles/htdocs/myproject/wordpress/wp-admin/includes/class-wp-filesystem-ftpext.php:420
Stack trace:
#0 /Applications/XAMPP/xamppfiles/htdocs/myproject/wordpress/wp-admin/includes/class-wp-filesystem-ftpext.php(420): ftp_nlist(NULL, '/Applications/X...')
#1 /Applications/XAMPP/xamppfiles/htdocs/myproject/wordpress/wp-content/plugins/seo-by-rank-math/includes/modules/robots-txt/class-robots-txt.php(94): WP_Filesystem_FTPext->exists('/Applications/X...')
#2 /Applications/XAMPP/xamppfiles/htdocs/myproject/wordpress/wp-content/plugins/seo-by-rank-math/includes/modules/robots-txt/options.php(14): RankMath\Robots_Txt::get_robots_data()
#3 /Applications/XAMPP/xamppfiles/htdocs/myproject/wordpress/wp-content/plugins/seo-by-rank-math/includes/admin/class-options.php(168): include('/Applications/X...')
#4 /Applications/XAMPP/xamppfiles/htdocs/myproject/wordpress/wp-includes/class-wp-hook.php(292): RankMath\Admin\Options->register_option_page('')
#5 /Applications/XAMPP/xamppfiles/htdocs/myproject/wordpress/wp-includes/class-wp-hook.php(316): WP_Hook->apply_filters('', Array)
#6 /Applications/XAMPP/xamppfiles/htdocs/myproject/wordpress/wp-includes/plugin.php(484): WP_Hook->do_action(Array)
#7 /Applications/XAMPP/xamppfiles/htdocs/myproject/wordpress/wp-content/plugins/seo-by-rank-math/vendor/cmb2/cmb2/bootstrap.php(26): do_action('cmb2_admin_init')
#8 /Applications/XAMPP/xamppfiles/htdocs/myproject/wordpress/wp-content/plugins/seo-by-rank-math/vendor/cmb2/cmb2/init.php(165): cmb2_bootstrap()
#9 /Applications/XAMPP/xamppfiles/htdocs/myproject/wordpress/wp-includes/class-wp-hook.php(292): CMB2_Bootstrap_290->include_cmb('')
#10 /Applications/XAMPP/xamppfiles/htdocs/myproject/wordpress/wp-includes/class-wp-hook.php(316): WP_Hook->apply_filters(NULL, Array)
#11 /Applications/XAMPP/xamppfiles/htdocs/myproject/wordpress/wp-includes/plugin.php(484): WP_Hook->do_action(Array)
#12 /Applications/XAMPP/xamppfiles/htdocs/myproject/wordpress/wp-settings.php(560): do_action('init')
#13 /Applications/XAMPP/xamppfiles/htdocs/myproject/wordpress/wp-config.php(90): require_once('/Applications/X...')
#14 /Applications/XAMPP/xamppfiles/htdocs/myproject/wordpress/wp-load.php(37): require_once('/Applications/X...')
#15 /Applications/XAMPP/xamppfiles/htdocs/myproject/wordpress/wp-admin/admin.php(34): require_once('/Applications/X...')
#16 /Applications/XAMPP/xamppfiles/htdocs/myproject/wordpress/wp-admin/plugins.php(10): require_once('/Applications/X...')
#17 {main}
  thrown in /Applications/XAMPP/xamppfiles/htdocs/myproject/wordpress/wp-admin/includes/class-wp-filesystem-ftpext.php on line 420

2021-07-02T09:35:47+00:00 CRITICAL Uncaught TypeError: ftp_nlist(): Argument #1 ($ftp) must be of type resource, null given in /Applications/XAMPP/xamppfiles/htdocs/myproject/wordpress/wp-admin/includes/class-wp-filesystem-ftpext.php:420
Stack trace:
#0 /Applications/XAMPP/xamppfiles/htdocs/myproject/wordpress/wp-admin/includes/class-wp-filesystem-ftpext.php(420): ftp_nlist(NULL, '/Applications/X...')
#1 /Applications/XAMPP/xamppfiles/htdocs/myproject/wordpress/wp-content/plugins/seo-by-rank-math/includes/modules/robots-txt/class-robots-txt.php(94): WP_Filesystem_FTPext->exists('/Applications/X...')
#2 /Applications/XAMPP/xamppfiles/htdocs/myproject/wordpress/wp-content/plugins/seo-by-rank-math/includes/modules/robots-txt/options.php(14): RankMath\Robots_Txt::get_robots_data()
#3 /Applications/XAMPP/xamppfiles/htdocs/myproject/wordpress/wp-content/plugins/seo-by-rank-math/includes/admin/class-options.php(168): include('/Applications/X...')
#4 /Applications/XAMPP/xamppfiles/htdocs/myproject/wordpress/wp-includes/class-wp-hook.php(292): RankMath\Admin\Options->register_option_page('')
#5 /Applications/XAMPP/xamppfiles/htdocs/myproject/wordpress/wp-includes/class-wp-hook.php(316): WP_Hook->apply_filters('', Array)
#6 /Applications/XAMPP/xamppfiles/htdocs/myproject/wordpress/wp-includes/plugin.php(484): WP_Hook->do_action(Array)
#7 /Applications/XAMPP/xamppfiles/htdocs/myproject/wordpress/wp-content/plugins/seo-by-rank-math/vendor/cmb2/cmb2/bootstrap.php(26): do_action('cmb2_admin_init')
#8 /Applications/XAMPP/xamppfiles/htdocs/myproject/wordpress/wp-content/plugins/seo-by-rank-math/vendor/cmb2/cmb2/init.php(165): cmb2_bootstrap()
#9 /Applications/XAMPP/xamppfiles/htdocs/myproject/wordpress/wp-includes/class-wp-hook.php(292): CMB2_Bootstrap_290->include_cmb('')
#10 /Applications/XAMPP/xamppfiles/htdocs/myproject/wordpress/wp-includes/class-wp-hook.php(316): WP_Hook->apply_filters(NULL, Array)
#11 /Applications/XAMPP/xamppfiles/htdocs/myproject/wordpress/wp-includes/plugin.php(484): WP_Hook->do_action(Array)
#12 /Applications/XAMPP/xamppfiles/htdocs/myproject/wordpress/wp-settings.php(560): do_action('init')
#13 /Applications/XAMPP/xamppfiles/htdocs/myproject/wordpress/wp-config.php(90): require_once('/Applications/X...')
#14 /Applications/XAMPP/xamppfiles/htdocs/myproject/wordpress/wp-load.php(37): require_once('/Applications/X...')
#15 /Applications/XAMPP/xamppfiles/htdocs/myproject/wordpress/wp-admin/admin.php(34): require_once('/Applications/X...')
#16 /Applications/XAMPP/xamppfiles/htdocs/myproject/wordpress/wp-admin/plugins.php(10): require_once('/Applications/X...')
#17 {main}
  thrown in /Applications/XAMPP/xamppfiles/htdocs/myproject/wordpress/wp-admin/includes/class-wp-filesystem-ftpext.php on line 420

2021-07-02T09:50:10+00:00 CRITICAL Uncaught TypeError: ftp_nlist(): Argument #1 ($ftp) must be of type resource, null given in /Applications/XAMPP/xamppfiles/htdocs/myproject/wordpress/wp-admin/includes/class-wp-filesystem-ftpext.php:420
Stack trace:
#0 /Applications/XAMPP/xamppfiles/htdocs/myproject/wordpress/wp-admin/includes/class-wp-filesystem-ftpext.php(420): ftp_nlist(NULL, '/Applications/X...')
#1 /Applications/XAMPP/xamppfiles/htdocs/myproject/wordpress/wp-content/plugins/seo-by-rank-math/includes/modules/robots-txt/class-robots-txt.php(94): WP_Filesystem_FTPext->exists('/Applications/X...')
#2 /Applications/XAMPP/xamppfiles/htdocs/myproject/wordpress/wp-content/plugins/seo-by-rank-math/includes/modules/robots-txt/options.php(14): RankMath\Robots_Txt::get_robots_data()
#3 /Applications/XAMPP/xamppfiles/htdocs/myproject/wordpress/wp-content/plugins/seo-by-rank-math/includes/admin/class-options.php(168): include('/Applications/X...')
#4 /Applications/XAMPP/xamppfiles/htdocs/myproject/wordpress/wp-includes/class-wp-hook.php(292): RankMath\Admin\Options->register_option_page('')
#5 /Applications/XAMPP/xamppfiles/htdocs/myproject/wordpress/wp-includes/class-wp-hook.php(316): WP_Hook->apply_filters('', Array)
#6 /Applications/XAMPP/xamppfiles/htdocs/myproject/wordpress/wp-includes/plugin.php(484): WP_Hook->do_action(Array)
#7 /Applications/XAMPP/xamppfiles/htdocs/myproject/wordpress/wp-content/plugins/seo-by-rank-math/vendor/cmb2/cmb2/bootstrap.php(26): do_action('cmb2_admin_init')
#8 /Applications/XAMPP/xamppfiles/htdocs/myproject/wordpress/wp-content/plugins/seo-by-rank-math/vendor/cmb2/cmb2/init.php(165): cmb2_bootstrap()
#9 /Applications/XAMPP/xamppfiles/htdocs/myproject/wordpress/wp-includes/class-wp-hook.php(292): CMB2_Bootstrap_290->include_cmb('')
#10 /Applications/XAMPP/xamppfiles/htdocs/myproject/wordpress/wp-includes/class-wp-hook.php(316): WP_Hook->apply_filters(NULL, Array)
#11 /Applications/XAMPP/xamppfiles/htdocs/myproject/wordpress/wp-includes/plugin.php(484): WP_Hook->do_action(Array)
#12 /Applications/XAMPP/xamppfiles/htdocs/myproject/wordpress/wp-settings.php(560): do_action('init')
#13 /Applications/XAMPP/xamppfiles/htdocs/myproject/wordpress/wp-config.php(90): require_once('/Applications/X...')
#14 /Applications/XAMPP/xamppfiles/htdocs/myproject/wordpress/wp-load.php(37): require_once('/Applications/X...')
#15 /Applications/XAMPP/xamppfiles/htdocs/myproject/wordpress/wp-admin/admin.php(34): require_once('/Applications/X...')
#16 /Applications/XAMPP/xamppfiles/htdocs/myproject/wordpress/wp-admin/index.php(10): require_once('/Applications/X...')
#17 {main}
  thrown in /Applications/XAMPP/xamppfiles/htdocs/myproject/wordpress/wp-admin/includes/class-wp-filesystem-ftpext.php on line 420

2021-07-02T09:53:02+00:00 CRITICAL Uncaught TypeError: ftp_nlist(): Argument #1 ($ftp) must be of type resource, null given in /Applications/XAMPP/xamppfiles/htdocs/myproject/wordpress/wp-admin/includes/class-wp-filesystem-ftpext.php:420
Stack trace:
#0 /Applications/XAMPP/xamppfiles/htdocs/myproject/wordpress/wp-admin/includes/class-wp-filesystem-ftpext.php(420): ftp_nlist(NULL, '/Applications/X...')
#1 /Applications/XAMPP/xamppfiles/htdocs/myproject/wordpress/wp-content/plugins/seo-by-rank-math/includes/modules/robots-txt/class-robots-txt.php(94): WP_Filesystem_FTPext->exists('/Applications/X...')
#2 /Applications/XAMPP/xamppfiles/htdocs/myproject/wordpress/wp-content/plugins/seo-by-rank-math/includes/modules/robots-txt/options.php(14): RankMath\Robots_Txt::get_robots_data()
#3 /Applications/XAMPP/xamppfiles/htdocs/myproject/wordpress/wp-content/plugins/seo-by-rank-math/includes/admin/class-options.php(168): include('/Applications/X...')
#4 /Applications/XAMPP/xamppfiles/htdocs/myproject/wordpress/wp-includes/class-wp-hook.php(292): RankMath\Admin\Options->register_option_page('')
#5 /Applications/XAMPP/xamppfiles/htdocs/myproject/wordpress/wp-includes/class-wp-hook.php(316): WP_Hook->apply_filters('', Array)
#6 /Applications/XAMPP/xamppfiles/htdocs/myproject/wordpress/wp-includes/plugin.php(484): WP_Hook->do_action(Array)
#7 /Applications/XAMPP/xamppfiles/htdocs/myproject/wordpress/wp-content/plugins/seo-by-rank-math/vendor/cmb2/cmb2/bootstrap.php(26): do_action('cmb2_admin_init')
#8 /Applications/XAMPP/xamppfiles/htdocs/myproject/wordpress/wp-content/plugins/seo-by-rank-math/vendor/cmb2/cmb2/init.php(165): cmb2_bootstrap()
#9 /Applications/XAMPP/xamppfiles/htdocs/myproject/wordpress/wp-includes/class-wp-hook.php(292): CMB2_Bootstrap_290->include_cmb('')
#10 /Applications/XAMPP/xamppfiles/htdocs/myproject/wordpress/wp-includes/class-wp-hook.php(316): WP_Hook->apply_filters(NULL, Array)
#11 /Applications/XAMPP/xamppfiles/htdocs/myproject/wordpress/wp-includes/plugin.php(484): WP_Hook->do_action(Array)
#12 /Applications/XAMPP/xamppfiles/htdocs/myproject/wordpress/wp-settings.php(560): do_action('init')
#13 /Applications/XAMPP/xamppfiles/htdocs/myproject/wordpress/wp-config.php(90): require_once('/Applications/X...')
#14 /Applications/XAMPP/xamppfiles/htdocs/myproject/wordpress/wp-load.php(37): require_once('/Applications/X...')
#15 /Applications/XAMPP/xamppfiles/htdocs/myproject/wordpress/wp-admin/admin.php(34): require_once('/Applications/X...')
#16 /Applications/XAMPP/xamppfiles/htdocs/myproject/wordpress/wp-admin/plugins.php(10): require_once('/Applications/X...')
#17 {main}
  thrown in /Applications/XAMPP/xamppfiles/htdocs/myproject/wordpress/wp-admin/includes/class-wp-filesystem-ftpext.php on line 420

2021-07-02T09:54:02+00:00 CRITICAL Uncaught TypeError: ftp_nlist(): Argument #1 ($ftp) must be of type resource, null given in /Applications/XAMPP/xamppfiles/htdocs/myproject/wordpress/wp-admin/includes/class-wp-filesystem-ftpext.php:420
Stack trace:
#0 /Applications/XAMPP/xamppfiles/htdocs/myproject/wordpress/wp-admin/includes/class-wp-filesystem-ftpext.php(420): ftp_nlist(NULL, '/Applications/X...')
#1 /Applications/XAMPP/xamppfiles/htdocs/myproject/wordpress/wp-content/plugins/seo-by-rank-math/includes/modules/robots-txt/class-robots-txt.php(94): WP_Filesystem_FTPext->exists('/Applications/X...')
#2 /Applications/XAMPP/xamppfiles/htdocs/myproject/wordpress/wp-content/plugins/seo-by-rank-math/includes/modules/robots-txt/options.php(14): RankMath\Robots_Txt::get_robots_data()
#3 /Applications/XAMPP/xamppfiles/htdocs/myproject/wordpress/wp-content/plugins/seo-by-rank-math/includes/admin/class-options.php(168): include('/Applications/X...')
#4 /Applications/XAMPP/xamppfiles/htdocs/myproject/wordpress/wp-includes/class-wp-hook.php(292): RankMath\Admin\Options->register_option_page('')
#5 /Applications/XAMPP/xamppfiles/htdocs/myproject/wordpress/wp-includes/class-wp-hook.php(316): WP_Hook->apply_filters('', Array)
#6 /Applications/XAMPP/xamppfiles/htdocs/myproject/wordpress/wp-includes/plugin.php(484): WP_Hook->do_action(Array)
#7 /Applications/XAMPP/xamppfiles/htdocs/myproject/wordpress/wp-content/plugins/seo-by-rank-math/vendor/cmb2/cmb2/bootstrap.php(26): do_action('cmb2_admin_init')
#8 /Applications/XAMPP/xamppfiles/htdocs/myproject/wordpress/wp-content/plugins/seo-by-rank-math/vendor/cmb2/cmb2/init.php(165): cmb2_bootstrap()
#9 /Applications/XAMPP/xamppfiles/htdocs/myproject/wordpress/wp-includes/class-wp-hook.php(292): CMB2_Bootstrap_290->include_cmb('')
#10 /Applications/XAMPP/xamppfiles/htdocs/myproject/wordpress/wp-includes/class-wp-hook.php(316): WP_Hook->apply_filters(NULL, Array)
#11 /Applications/XAMPP/xamppfiles/htdocs/myproject/wordpress/wp-includes/plugin.php(484): WP_Hook->do_action(Array)
#12 /Applications/XAMPP/xamppfiles/htdocs/myproject/wordpress/wp-settings.php(560): do_action('init')
#13 /Applications/XAMPP/xamppfiles/htdocs/myproject/wordpress/wp-config.php(90): require_once('/Applications/X...')
#14 /Applications/XAMPP/xamppfiles/htdocs/myproject/wordpress/wp-load.php(37): require_once('/Applications/X...')
#15 /Applications/XAMPP/xamppfiles/htdocs/myproject/wordpress/wp-admin/admin.php(34): require_once('/Applications/X...')
#16 /Applications/XAMPP/xamppfiles/htdocs/myproject/wordpress/wp-admin/plugins.php(10): require_once('/Applications/X...')
#17 {main}
  thrown in /Applications/XAMPP/xamppfiles/htdocs/myproject/wordpress/wp-admin/includes/class-wp-filesystem-ftpext.php on line 420

2021-07-02T09:55:14+00:00 CRITICAL Uncaught TypeError: ftp_nlist(): Argument #1 ($ftp) must be of type resource, null given in /Applications/XAMPP/xamppfiles/htdocs/myproject/wordpress/wp-admin/includes/class-wp-filesystem-ftpext.php:420
Stack trace:
#0 /Applications/XAMPP/xamppfiles/htdocs/myproject/wordpress/wp-admin/includes/class-wp-filesystem-ftpext.php(420): ftp_nlist(NULL, '/Applications/X...')
#1 /Applications/XAMPP/xamppfiles/htdocs/myproject/wordpress/wp-content/plugins/seo-by-rank-math/includes/modules/robots-txt/class-robots-txt.php(94): WP_Filesystem_FTPext->exists('/Applications/X...')
#2 /Applications/XAMPP/xamppfiles/htdocs/myproject/wordpress/wp-content/plugins/seo-by-rank-math/includes/modules/robots-txt/options.php(14): RankMath\Robots_Txt::get_robots_data()
#3 /Applications/XAMPP/xamppfiles/htdocs/myproject/wordpress/wp-content/plugins/seo-by-rank-math/includes/admin/class-options.php(168): include('/Applications/X...')
#4 /Applications/XAMPP/xamppfiles/htdocs/myproject/wordpress/wp-includes/class-wp-hook.php(292): RankMath\Admin\Options->register_option_page('')
#5 /Applications/XAMPP/xamppfiles/htdocs/myproject/wordpress/wp-includes/class-wp-hook.php(316): WP_Hook->apply_filters('', Array)
#6 /Applications/XAMPP/xamppfiles/htdocs/myproject/wordpress/wp-includes/plugin.php(484): WP_Hook->do_action(Array)
#7 /Applications/XAMPP/xamppfiles/htdocs/myproject/wordpress/wp-content/plugins/seo-by-rank-math/vendor/cmb2/cmb2/bootstrap.php(26): do_action('cmb2_admin_init')
#8 /Applications/XAMPP/xamppfiles/htdocs/myproject/wordpress/wp-content/plugins/seo-by-rank-math/vendor/cmb2/cmb2/init.php(165): cmb2_bootstrap()
#9 /Applications/XAMPP/xamppfiles/htdocs/myproject/wordpress/wp-includes/class-wp-hook.php(292): CMB2_Bootstrap_290->include_cmb('')
#10 /Applications/XAMPP/xamppfiles/htdocs/myproject/wordpress/wp-includes/class-wp-hook.php(316): WP_Hook->apply_filters(NULL, Array)
#11 /Applications/XAMPP/xamppfiles/htdocs/myproject/wordpress/wp-includes/plugin.php(484): WP_Hook->do_action(Array)
#12 /Applications/XAMPP/xamppfiles/htdocs/myproject/wordpress/wp-settings.php(560): do_action('init')
#13 /Applications/XAMPP/xamppfiles/htdocs/myproject/wordpress/wp-config.php(90): require_once('/Applications/X...')
#14 /Applications/XAMPP/xamppfiles/htdocs/myproject/wordpress/wp-load.php(37): require_once('/Applications/X...')
#15 /Applications/XAMPP/xamppfiles/htdocs/myproject/wordpress/wp-admin/admin.php(34): require_once('/Applications/X...')
#16 /Applications/XAMPP/xamppfiles/htdocs/myproject/wordpress/wp-admin/plugins.php(10): require_once('/Applications/X...')
#17 {main}
  thrown in /Applications/XAMPP/xamppfiles/htdocs/myproject/wordpress/wp-admin/includes/class-wp-filesystem-ftpext.php on line 420

2021-07-02T09:55:20+00:00 CRITICAL Uncaught TypeError: ftp_nlist(): Argument #1 ($ftp) must be of type resource, null given in /Applications/XAMPP/xamppfiles/htdocs/myproject/wordpress/wp-admin/includes/class-wp-filesystem-ftpext.php:420
Stack trace:
#0 /Applications/XAMPP/xamppfiles/htdocs/myproject/wordpress/wp-admin/includes/class-wp-filesystem-ftpext.php(420): ftp_nlist(NULL, '/Applications/X...')
#1 /Applications/XAMPP/xamppfiles/htdocs/myproject/wordpress/wp-content/plugins/seo-by-rank-math/includes/modules/robots-txt/class-robots-txt.php(94): WP_Filesystem_FTPext->exists('/Applications/X...')
#2 /Applications/XAMPP/xamppfiles/htdocs/myproject/wordpress/wp-content/plugins/seo-by-rank-math/includes/modules/robots-txt/options.php(14): RankMath\Robots_Txt::get_robots_data()
#3 /Applications/XAMPP/xamppfiles/htdocs/myproject/wordpress/wp-content/plugins/seo-by-rank-math/includes/admin/class-options.php(168): include('/Applications/X...')
#4 /Applications/XAMPP/xamppfiles/htdocs/myproject/wordpress/wp-includes/class-wp-hook.php(292): RankMath\Admin\Options->register_option_page('')
#5 /Applications/XAMPP/xamppfiles/htdocs/myproject/wordpress/wp-includes/class-wp-hook.php(316): WP_Hook->apply_filters('', Array)
#6 /Applications/XAMPP/xamppfiles/htdocs/myproject/wordpress/wp-includes/plugin.php(484): WP_Hook->do_action(Array)
#7 /Applications/XAMPP/xamppfiles/htdocs/myproject/wordpress/wp-content/plugins/seo-by-rank-math/vendor/cmb2/cmb2/bootstrap.php(26): do_action('cmb2_admin_init')
#8 /Applications/XAMPP/xamppfiles/htdocs/myproject/wordpress/wp-content/plugins/seo-by-rank-math/vendor/cmb2/cmb2/init.php(165): cmb2_bootstrap()
#9 /Applications/XAMPP/xamppfiles/htdocs/myproject/wordpress/wp-includes/class-wp-hook.php(292): CMB2_Bootstrap_290->include_cmb('')
#10 /Applications/XAMPP/xamppfiles/htdocs/myproject/wordpress/wp-includes/class-wp-hook.php(316): WP_Hook->apply_filters(NULL, Array)
#11 /Applications/XAMPP/xamppfiles/htdocs/myproject/wordpress/wp-includes/plugin.php(484): WP_Hook->do_action(Array)
#12 /Applications/XAMPP/xamppfiles/htdocs/myproject/wordpress/wp-settings.php(560): do_action('init')
#13 /Applications/XAMPP/xamppfiles/htdocs/myproject/wordpress/wp-config.php(90): require_once('/Applications/X...')
#14 /Applications/XAMPP/xamppfiles/htdocs/myproject/wordpress/wp-load.php(37): require_once('/Applications/X...')
#15 /Applications/XAMPP/xamppfiles/htdocs/myproject/wordpress/wp-admin/admin.php(34): require_once('/Applications/X...')
#16 /Applications/XAMPP/xamppfiles/htdocs/myproject/wordpress/wp-admin/plugins.php(10): require_once('/Applications/X...')
#17 {main}
  thrown in /Applications/XAMPP/xamppfiles/htdocs/myproject/wordpress/wp-admin/includes/class-wp-filesystem-ftpext.php on line 420

2021-07-02T09:55:25+00:00 CRITICAL Uncaught TypeError: ftp_nlist(): Argument #1 ($ftp) must be of type resource, null given in /Applications/XAMPP/xamppfiles/htdocs/myproject/wordpress/wp-admin/includes/class-wp-filesystem-ftpext.php:420
Stack trace:
#0 /Applications/XAMPP/xamppfiles/htdocs/myproject/wordpress/wp-admin/includes/class-wp-filesystem-ftpext.php(420): ftp_nlist(NULL, '/Applications/X...')
#1 /Applications/XAMPP/xamppfiles/htdocs/myproject/wordpress/wp-content/plugins/seo-by-rank-math/includes/modules/robots-txt/class-robots-txt.php(94): WP_Filesystem_FTPext->exists('/Applications/X...')
#2 /Applications/XAMPP/xamppfiles/htdocs/myproject/wordpress/wp-content/plugins/seo-by-rank-math/includes/modules/robots-txt/options.php(14): RankMath\Robots_Txt::get_robots_data()
#3 /Applications/XAMPP/xamppfiles/htdocs/myproject/wordpress/wp-content/plugins/seo-by-rank-math/includes/admin/class-options.php(168): include('/Applications/X...')
#4 /Applications/XAMPP/xamppfiles/htdocs/myproject/wordpress/wp-includes/class-wp-hook.php(292): RankMath\Admin\Options->register_option_page('')
#5 /Applications/XAMPP/xamppfiles/htdocs/myproject/wordpress/wp-includes/class-wp-hook.php(316): WP_Hook->apply_filters('', Array)
#6 /Applications/XAMPP/xamppfiles/htdocs/myproject/wordpress/wp-includes/plugin.php(484): WP_Hook->do_action(Array)
#7 /Applications/XAMPP/xamppfiles/htdocs/myproject/wordpress/wp-content/plugins/seo-by-rank-math/vendor/cmb2/cmb2/bootstrap.php(26): do_action('cmb2_admin_init')
#8 /Applications/XAMPP/xamppfiles/htdocs/myproject/wordpress/wp-content/plugins/seo-by-rank-math/vendor/cmb2/cmb2/init.php(165): cmb2_bootstrap()
#9 /Applications/XAMPP/xamppfiles/htdocs/myproject/wordpress/wp-includes/class-wp-hook.php(292): CMB2_Bootstrap_290->include_cmb('')
#10 /Applications/XAMPP/xamppfiles/htdocs/myproject/wordpress/wp-includes/class-wp-hook.php(316): WP_Hook->apply_filters(NULL, Array)
#11 /Applications/XAMPP/xamppfiles/htdocs/myproject/wordpress/wp-includes/plugin.php(484): WP_Hook->do_action(Array)
#12 /Applications/XAMPP/xamppfiles/htdocs/myproject/wordpress/wp-settings.php(560): do_action('init')
#13 /Applications/XAMPP/xamppfiles/htdocs/myproject/wordpress/wp-config.php(90): require_once('/Applications/X...')
#14 /Applications/XAMPP/xamppfiles/htdocs/myproject/wordpress/wp-load.php(37): require_once('/Applications/X...')
#15 /Applications/XAMPP/xamppfiles/htdocs/myproject/wordpress/wp-admin/admin.php(34): require_once('/Applications/X...')
#16 /Applications/XAMPP/xamppfiles/htdocs/myproject/wordpress/wp-admin/plugins.php(10): require_once('/Applications/X...')
#17 {main}
  thrown in /Applications/XAMPP/xamppfiles/htdocs/myproject/wordpress/wp-admin/includes/class-wp-filesystem-ftpext.php on line 420

2021-07-02T09:55:28+00:00 CRITICAL Uncaught TypeError: ftp_nlist(): Argument #1 ($ftp) must be of type resource, null given in /Applications/XAMPP/xamppfiles/htdocs/myproject/wordpress/wp-admin/includes/class-wp-filesystem-ftpext.php:420
Stack trace:
#0 /Applications/XAMPP/xamppfiles/htdocs/myproject/wordpress/wp-admin/includes/class-wp-filesystem-ftpext.php(420): ftp_nlist(NULL, '/Applications/X...')
#1 /Applications/XAMPP/xamppfiles/htdocs/myproject/wordpress/wp-content/plugins/seo-by-rank-math/includes/modules/robots-txt/class-robots-txt.php(94): WP_Filesystem_FTPext->exists('/Applications/X...')
#2 /Applications/XAMPP/xamppfiles/htdocs/myproject/wordpress/wp-content/plugins/seo-by-rank-math/includes/modules/robots-txt/options.php(14): RankMath\Robots_Txt::get_robots_data()
#3 /Applications/XAMPP/xamppfiles/htdocs/myproject/wordpress/wp-content/plugins/seo-by-rank-math/includes/admin/class-options.php(168): include('/Applications/X...')
#4 /Applications/XAMPP/xamppfiles/htdocs/myproject/wordpress/wp-includes/class-wp-hook.php(292): RankMath\Admin\Options->register_option_page('')
#5 /Applications/XAMPP/xamppfiles/htdocs/myproject/wordpress/wp-includes/class-wp-hook.php(316): WP_Hook->apply_filters('', Array)
#6 /Applications/XAMPP/xamppfiles/htdocs/myproject/wordpress/wp-includes/plugin.php(484): WP_Hook->do_action(Array)
#7 /Applications/XAMPP/xamppfiles/htdocs/myproject/wordpress/wp-content/plugins/seo-by-rank-math/vendor/cmb2/cmb2/bootstrap.php(26): do_action('cmb2_admin_init')
#8 /Applications/XAMPP/xamppfiles/htdocs/myproject/wordpress/wp-content/plugins/seo-by-rank-math/vendor/cmb2/cmb2/init.php(165): cmb2_bootstrap()
#9 /Applications/XAMPP/xamppfiles/htdocs/myproject/wordpress/wp-includes/class-wp-hook.php(292): CMB2_Bootstrap_290->include_cmb('')
#10 /Applications/XAMPP/xamppfiles/htdocs/myproject/wordpress/wp-includes/class-wp-hook.php(316): WP_Hook->apply_filters(NULL, Array)
#11 /Applications/XAMPP/xamppfiles/htdocs/myproject/wordpress/wp-includes/plugin.php(484): WP_Hook->do_action(Array)
#12 /Applications/XAMPP/xamppfiles/htdocs/myproject/wordpress/wp-settings.php(560): do_action('init')
#13 /Applications/XAMPP/xamppfiles/htdocs/myproject/wordpress/wp-config.php(90): require_once('/Applications/X...')
#14 /Applications/XAMPP/xamppfiles/htdocs/myproject/wordpress/wp-load.php(37): require_once('/Applications/X...')
#15 /Applications/XAMPP/xamppfiles/htdocs/myproject/wordpress/wp-admin/admin.php(34): require_once('/Applications/X...')
#16 /Applications/XAMPP/xamppfiles/htdocs/myproject/wordpress/wp-admin/plugins.php(10): require_once('/Applications/X...')
#17 {main}
  thrown in /Applications/XAMPP/xamppfiles/htdocs/myproject/wordpress/wp-admin/includes/class-wp-filesystem-ftpext.php on line 420

2021-07-02T10:09:30+00:00 CRITICAL Uncaught TypeError: ftp_nlist(): Argument #1 ($ftp) must be of type resource, null given in /Applications/XAMPP/xamppfiles/htdocs/myproject/wordpress/wp-admin/includes/class-wp-filesystem-ftpext.php:420
Stack trace:
#0 /Applications/XAMPP/xamppfiles/htdocs/myproject/wordpress/wp-admin/includes/class-wp-filesystem-ftpext.php(420): ftp_nlist(NULL, '/Applications/X...')
#1 /Applications/XAMPP/xamppfiles/htdocs/myproject/wordpress/wp-content/plugins/seo-by-rank-math/includes/modules/robots-txt/class-robots-txt.php(94): WP_Filesystem_FTPext->exists('/Applications/X...')
#2 /Applications/XAMPP/xamppfiles/htdocs/myproject/wordpress/wp-content/plugins/seo-by-rank-math/includes/modules/robots-txt/options.php(14): RankMath\Robots_Txt::get_robots_data()
#3 /Applications/XAMPP/xamppfiles/htdocs/myproject/wordpress/wp-content/plugins/seo-by-rank-math/includes/admin/class-options.php(168): include('/Applications/X...')
#4 /Applications/XAMPP/xamppfiles/htdocs/myproject/wordpress/wp-includes/class-wp-hook.php(292): RankMath\Admin\Options->register_option_page('')
#5 /Applications/XAMPP/xamppfiles/htdocs/myproject/wordpress/wp-includes/class-wp-hook.php(316): WP_Hook->apply_filters('', Array)
#6 /Applications/XAMPP/xamppfiles/htdocs/myproject/wordpress/wp-includes/plugin.php(484): WP_Hook->do_action(Array)
#7 /Applications/XAMPP/xamppfiles/htdocs/myproject/wordpress/wp-content/plugins/seo-by-rank-math/vendor/cmb2/cmb2/bootstrap.php(26): do_action('cmb2_admin_init')
#8 /Applications/XAMPP/xamppfiles/htdocs/myproject/wordpress/wp-content/plugins/seo-by-rank-math/vendor/cmb2/cmb2/init.php(165): cmb2_bootstrap()
#9 /Applications/XAMPP/xamppfiles/htdocs/myproject/wordpress/wp-includes/class-wp-hook.php(292): CMB2_Bootstrap_290->include_cmb('')
#10 /Applications/XAMPP/xamppfiles/htdocs/myproject/wordpress/wp-includes/class-wp-hook.php(316): WP_Hook->apply_filters(NULL, Array)
#11 /Applications/XAMPP/xamppfiles/htdocs/myproject/wordpress/wp-includes/plugin.php(484): WP_Hook->do_action(Array)
#12 /Applications/XAMPP/xamppfiles/htdocs/myproject/wordpress/wp-settings.php(560): do_action('init')
#13 /Applications/XAMPP/xamppfiles/htdocs/myproject/wordpress/wp-config.php(90): require_once('/Applications/X...')
#14 /Applications/XAMPP/xamppfiles/htdocs/myproject/wordpress/wp-load.php(37): require_once('/Applications/X...')
#15 /Applications/XAMPP/xamppfiles/htdocs/myproject/wordpress/wp-admin/admin.php(34): require_once('/Applications/X...')
#16 /Applications/XAMPP/xamppfiles/htdocs/myproject/wordpress/wp-admin/plugins.php(10): require_once('/Applications/X...')
#17 {main}
  thrown in /Applications/XAMPP/xamppfiles/htdocs/myproject/wordpress/wp-admin/includes/class-wp-filesystem-ftpext.php on line 420

2021-07-02T13:16:37+00:00 CRITICAL syntax error, unexpected token "global", expecting "{" in /Applications/XAMPP/xamppfiles/htdocs/myproject/wordpress/wp-content/themes/oceanwp/functions.php on line 23

2021-07-02T13:17:34+00:00 CRITICAL syntax error, unexpected variable "$post", expecting "{" in /Applications/XAMPP/xamppfiles/htdocs/myproject/wordpress/wp-content/themes/oceanwp/functions.php on line 23

2021-07-02T13:19:13+00:00 CRITICAL Uncaught TypeError: call_user_func_array(): Argument #1 ($function) must be a valid callback, function "gretathemes_meta_description" not found or invalid function name in /Applications/XAMPP/xamppfiles/htdocs/myproject/wordpress/wp-includes/class-wp-hook.php:292
Stack trace:
#0 /Applications/XAMPP/xamppfiles/htdocs/myproject/wordpress/wp-includes/class-wp-hook.php(316): WP_Hook->apply_filters(NULL, Array)
#1 /Applications/XAMPP/xamppfiles/htdocs/myproject/wordpress/wp-includes/plugin.php(484): WP_Hook->do_action(Array)
#2 /Applications/XAMPP/xamppfiles/htdocs/myproject/wordpress/wp-includes/general-template.php(3009): do_action('wp_head')
#3 /Applications/XAMPP/xamppfiles/htdocs/myproject/wordpress/wp-content/themes/oceanwp/header.php(15): wp_head()
#4 /Applications/XAMPP/xamppfiles/htdocs/myproject/wordpress/wp-includes/template.php(730): require_once('/Applications/X...')
#5 /Applications/XAMPP/xamppfiles/htdocs/myproject/wordpress/wp-includes/template.php(676): load_template('/Applications/X...', true, Array)
#6 /Applications/XAMPP/xamppfiles/htdocs/myproject/wordpress/wp-includes/general-template.php(48): locate_template(Array, true, true, Array)
#7 /Applications/XAMPP/xamppfiles/htdocs/myproject/wordpress/wp-content/themes/oceanwp/page.php(12): get_header()
#8 /Applications/XAMPP/xamppfiles/htdocs/myproject/wordpress/wp-includes/template-loader.php(106): include('/Applications/X...')
#9 /Applications/XAMPP/xamppfiles/htdocs/myproject/wordpress/wp-blog-header.php(19): require_once('/Applications/X...')
#10 /Applications/XAMPP/xamppfiles/htdocs/myproject/wordpress/index.php(17): require('/Applications/X...')
#11 {main}
  thrown in /Applications/XAMPP/xamppfiles/htdocs/myproject/wordpress/wp-includes/class-wp-hook.php on line 292

