2021-07-03T02:49:29+00:00 CRITICAL Uncaught TypeError: ftp_nlist(): Argument #1 ($ftp) must be of type resource, null given in /Applications/XAMPP/xamppfiles/htdocs/myproject/wordpress/wp-admin/includes/class-wp-filesystem-ftpext.php:420
Stack trace:
#0 /Applications/XAMPP/xamppfiles/htdocs/myproject/wordpress/wp-admin/includes/class-wp-filesystem-ftpext.php(420): ftp_nlist(NULL, '/Applications/X...')
#1 /Applications/XAMPP/xamppfiles/htdocs/myproject/wordpress/wp-content/plugins/seo-by-rank-math/includes/modules/robots-txt/class-robots-txt.php(94): WP_Filesystem_FTPext->exists('/Applications/X...')
#2 /Applications/XAMPP/xamppfiles/htdocs/myproject/wordpress/wp-content/plugins/seo-by-rank-math/includes/modules/robots-txt/options.php(14): RankMath\Robots_Txt::get_robots_data()
#3 /Applications/XAMPP/xamppfiles/htdocs/myproject/wordpress/wp-content/plugins/seo-by-rank-math/includes/admin/class-options.php(168): include('/Applications/X...')
#4 /Applications/XAMPP/xamppfiles/htdocs/myproject/wordpress/wp-includes/class-wp-hook.php(292): RankMath\Admin\Options->register_option_page('')
#5 /Applications/XAMPP/xamppfiles/htdocs/myproject/wordpress/wp-includes/class-wp-hook.php(316): WP_Hook->apply_filters('', Array)
#6 /Applications/XAMPP/xamppfiles/htdocs/myproject/wordpress/wp-includes/plugin.php(484): WP_Hook->do_action(Array)
#7 /Applications/XAMPP/xamppfiles/htdocs/myproject/wordpress/wp-content/plugins/seo-by-rank-math/vendor/cmb2/cmb2/bootstrap.php(26): do_action('cmb2_admin_init')
#8 /Applications/XAMPP/xamppfiles/htdocs/myproject/wordpress/wp-content/plugins/seo-by-rank-math/vendor/cmb2/cmb2/init.php(165): cmb2_bootstrap()
#9 /Applications/XAMPP/xamppfiles/htdocs/myproject/wordpress/wp-includes/class-wp-hook.php(292): CMB2_Bootstrap_290->include_cmb('')
#10 /Applications/XAMPP/xamppfiles/htdocs/myproject/wordpress/wp-includes/class-wp-hook.php(316): WP_Hook->apply_filters(NULL, Array)
#11 /Applications/XAMPP/xamppfiles/htdocs/myproject/wordpress/wp-includes/plugin.php(484): WP_Hook->do_action(Array)
#12 /Applications/XAMPP/xamppfiles/htdocs/myproject/wordpress/wp-settings.php(560): do_action('init')
#13 /Applications/XAMPP/xamppfiles/htdocs/myproject/wordpress/wp-config.php(90): require_once('/Applications/X...')
#14 /Applications/XAMPP/xamppfiles/htdocs/myproject/wordpress/wp-load.php(37): require_once('/Applications/X...')
#15 /Applications/XAMPP/xamppfiles/htdocs/myproject/wordpress/wp-admin/admin.php(34): require_once('/Applications/X...')
#16 /Applications/XAMPP/xamppfiles/htdocs/myproject/wordpress/wp-admin/plugins.php(10): require_once('/Applications/X...')
#17 {main}
  thrown in /Applications/XAMPP/xamppfiles/htdocs/myproject/wordpress/wp-admin/includes/class-wp-filesystem-ftpext.php on line 420

2021-07-03T02:49:42+00:00 CRITICAL Uncaught TypeError: ftp_nlist(): Argument #1 ($ftp) must be of type resource, null given in /Applications/XAMPP/xamppfiles/htdocs/myproject/wordpress/wp-admin/includes/class-wp-filesystem-ftpext.php:420
Stack trace:
#0 /Applications/XAMPP/xamppfiles/htdocs/myproject/wordpress/wp-admin/includes/class-wp-filesystem-ftpext.php(420): ftp_nlist(NULL, '/Applications/X...')
#1 /Applications/XAMPP/xamppfiles/htdocs/myproject/wordpress/wp-content/plugins/seo-by-rank-math/includes/modules/robots-txt/class-robots-txt.php(94): WP_Filesystem_FTPext->exists('/Applications/X...')
#2 /Applications/XAMPP/xamppfiles/htdocs/myproject/wordpress/wp-content/plugins/seo-by-rank-math/includes/modules/robots-txt/options.php(14): RankMath\Robots_Txt::get_robots_data()
#3 /Applications/XAMPP/xamppfiles/htdocs/myproject/wordpress/wp-content/plugins/seo-by-rank-math/includes/admin/class-options.php(168): include('/Applications/X...')
#4 /Applications/XAMPP/xamppfiles/htdocs/myproject/wordpress/wp-includes/class-wp-hook.php(292): RankMath\Admin\Options->register_option_page('')
#5 /Applications/XAMPP/xamppfiles/htdocs/myproject/wordpress/wp-includes/class-wp-hook.php(316): WP_Hook->apply_filters('', Array)
#6 /Applications/XAMPP/xamppfiles/htdocs/myproject/wordpress/wp-includes/plugin.php(484): WP_Hook->do_action(Array)
#7 /Applications/XAMPP/xamppfiles/htdocs/myproject/wordpress/wp-content/plugins/seo-by-rank-math/vendor/cmb2/cmb2/bootstrap.php(26): do_action('cmb2_admin_init')
#8 /Applications/XAMPP/xamppfiles/htdocs/myproject/wordpress/wp-content/plugins/seo-by-rank-math/vendor/cmb2/cmb2/init.php(165): cmb2_bootstrap()
#9 /Applications/XAMPP/xamppfiles/htdocs/myproject/wordpress/wp-includes/class-wp-hook.php(292): CMB2_Bootstrap_290->include_cmb('')
#10 /Applications/XAMPP/xamppfiles/htdocs/myproject/wordpress/wp-includes/class-wp-hook.php(316): WP_Hook->apply_filters(NULL, Array)
#11 /Applications/XAMPP/xamppfiles/htdocs/myproject/wordpress/wp-includes/plugin.php(484): WP_Hook->do_action(Array)
#12 /Applications/XAMPP/xamppfiles/htdocs/myproject/wordpress/wp-settings.php(560): do_action('init')
#13 /Applications/XAMPP/xamppfiles/htdocs/myproject/wordpress/wp-config.php(90): require_once('/Applications/X...')
#14 /Applications/XAMPP/xamppfiles/htdocs/myproject/wordpress/wp-load.php(37): require_once('/Applications/X...')
#15 /Applications/XAMPP/xamppfiles/htdocs/myproject/wordpress/wp-admin/admin.php(34): require_once('/Applications/X...')
#16 /Applications/XAMPP/xamppfiles/htdocs/myproject/wordpress/wp-admin/about.php(10): require_once('/Applications/X...')
#17 {main}
  thrown in /Applications/XAMPP/xamppfiles/htdocs/myproject/wordpress/wp-admin/includes/class-wp-filesystem-ftpext.php on line 420

2021-07-03T02:49:42+00:00 CRITICAL Uncaught TypeError: ftp_nlist(): Argument #1 ($ftp) must be of type resource, null given in /Applications/XAMPP/xamppfiles/htdocs/myproject/wordpress/wp-admin/includes/class-wp-filesystem-ftpext.php:420
Stack trace:
#0 /Applications/XAMPP/xamppfiles/htdocs/myproject/wordpress/wp-admin/includes/class-wp-filesystem-ftpext.php(420): ftp_nlist(NULL, '/Applications/X...')
#1 /Applications/XAMPP/xamppfiles/htdocs/myproject/wordpress/wp-content/plugins/seo-by-rank-math/includes/modules/robots-txt/class-robots-txt.php(94): WP_Filesystem_FTPext->exists('/Applications/X...')
#2 /Applications/XAMPP/xamppfiles/htdocs/myproject/wordpress/wp-content/plugins/seo-by-rank-math/includes/modules/robots-txt/options.php(14): RankMath\Robots_Txt::get_robots_data()
#3 /Applications/XAMPP/xamppfiles/htdocs/myproject/wordpress/wp-content/plugins/seo-by-rank-math/includes/admin/class-options.php(168): include('/Applications/X...')
#4 /Applications/XAMPP/xamppfiles/htdocs/myproject/wordpress/wp-includes/class-wp-hook.php(292): RankMath\Admin\Options->register_option_page('')
#5 /Applications/XAMPP/xamppfiles/htdocs/myproject/wordpress/wp-includes/class-wp-hook.php(316): WP_Hook->apply_filters('', Array)
#6 /Applications/XAMPP/xamppfiles/htdocs/myproject/wordpress/wp-includes/plugin.php(484): WP_Hook->do_action(Array)
#7 /Applications/XAMPP/xamppfiles/htdocs/myproject/wordpress/wp-content/plugins/seo-by-rank-math/vendor/cmb2/cmb2/bootstrap.php(26): do_action('cmb2_admin_init')
#8 /Applications/XAMPP/xamppfiles/htdocs/myproject/wordpress/wp-content/plugins/seo-by-rank-math/vendor/cmb2/cmb2/init.php(165): cmb2_bootstrap()
#9 /Applications/XAMPP/xamppfiles/htdocs/myproject/wordpress/wp-includes/class-wp-hook.php(292): CMB2_Bootstrap_290->include_cmb('')
#10 /Applications/XAMPP/xamppfiles/htdocs/myproject/wordpress/wp-includes/class-wp-hook.php(316): WP_Hook->apply_filters(NULL, Array)
#11 /Applications/XAMPP/xamppfiles/htdocs/myproject/wordpress/wp-includes/plugin.php(484): WP_Hook->do_action(Array)
#12 /Applications/XAMPP/xamppfiles/htdocs/myproject/wordpress/wp-settings.php(560): do_action('init')
#13 /Applications/XAMPP/xamppfiles/htdocs/myproject/wordpress/wp-config.php(90): require_once('/Applications/X...')
#14 /Applications/XAMPP/xamppfiles/htdocs/myproject/wordpress/wp-load.php(37): require_once('/Applications/X...')
#15 /Applications/XAMPP/xamppfiles/htdocs/myproject/wordpress/wp-admin/admin.php(34): require_once('/Applications/X...')
#16 /Applications/XAMPP/xamppfiles/htdocs/myproject/wordpress/wp-admin/about.php(10): require_once('/Applications/X...')
#17 {main}
  thrown in /Applications/XAMPP/xamppfiles/htdocs/myproject/wordpress/wp-admin/includes/class-wp-filesystem-ftpext.php on line 420

2021-07-03T02:49:49+00:00 CRITICAL Uncaught TypeError: ftp_nlist(): Argument #1 ($ftp) must be of type resource, null given in /Applications/XAMPP/xamppfiles/htdocs/myproject/wordpress/wp-admin/includes/class-wp-filesystem-ftpext.php:420
Stack trace:
#0 /Applications/XAMPP/xamppfiles/htdocs/myproject/wordpress/wp-admin/includes/class-wp-filesystem-ftpext.php(420): ftp_nlist(NULL, '/Applications/X...')
#1 /Applications/XAMPP/xamppfiles/htdocs/myproject/wordpress/wp-content/plugins/seo-by-rank-math/includes/modules/robots-txt/class-robots-txt.php(94): WP_Filesystem_FTPext->exists('/Applications/X...')
#2 /Applications/XAMPP/xamppfiles/htdocs/myproject/wordpress/wp-content/plugins/seo-by-rank-math/includes/modules/robots-txt/options.php(14): RankMath\Robots_Txt::get_robots_data()
#3 /Applications/XAMPP/xamppfiles/htdocs/myproject/wordpress/wp-content/plugins/seo-by-rank-math/includes/admin/class-options.php(168): include('/Applications/X...')
#4 /Applications/XAMPP/xamppfiles/htdocs/myproject/wordpress/wp-includes/class-wp-hook.php(292): RankMath\Admin\Options->register_option_page('')
#5 /Applications/XAMPP/xamppfiles/htdocs/myproject/wordpress/wp-includes/class-wp-hook.php(316): WP_Hook->apply_filters('', Array)
#6 /Applications/XAMPP/xamppfiles/htdocs/myproject/wordpress/wp-includes/plugin.php(484): WP_Hook->do_action(Array)
#7 /Applications/XAMPP/xamppfiles/htdocs/myproject/wordpress/wp-content/plugins/seo-by-rank-math/vendor/cmb2/cmb2/bootstrap.php(26): do_action('cmb2_admin_init')
#8 /Applications/XAMPP/xamppfiles/htdocs/myproject/wordpress/wp-content/plugins/seo-by-rank-math/vendor/cmb2/cmb2/init.php(165): cmb2_bootstrap()
#9 /Applications/XAMPP/xamppfiles/htdocs/myproject/wordpress/wp-includes/class-wp-hook.php(292): CMB2_Bootstrap_290->include_cmb('')
#10 /Applications/XAMPP/xamppfiles/htdocs/myproject/wordpress/wp-includes/class-wp-hook.php(316): WP_Hook->apply_filters(NULL, Array)
#11 /Applications/XAMPP/xamppfiles/htdocs/myproject/wordpress/wp-includes/plugin.php(484): WP_Hook->do_action(Array)
#12 /Applications/XAMPP/xamppfiles/htdocs/myproject/wordpress/wp-settings.php(560): do_action('init')
#13 /Applications/XAMPP/xamppfiles/htdocs/myproject/wordpress/wp-config.php(90): require_once('/Applications/X...')
#14 /Applications/XAMPP/xamppfiles/htdocs/myproject/wordpress/wp-load.php(37): require_once('/Applications/X...')
#15 /Applications/XAMPP/xamppfiles/htdocs/myproject/wordpress/wp-admin/admin.php(34): require_once('/Applications/X...')
#16 /Applications/XAMPP/xamppfiles/htdocs/myproject/wordpress/wp-admin/about.php(10): require_once('/Applications/X...')
#17 {main}
  thrown in /Applications/XAMPP/xamppfiles/htdocs/myproject/wordpress/wp-admin/includes/class-wp-filesystem-ftpext.php on line 420

2021-07-03T02:50:36+00:00 CRITICAL Uncaught TypeError: ftp_nlist(): Argument #1 ($ftp) must be of type resource, null given in /Applications/XAMPP/xamppfiles/htdocs/myproject/wordpress/wp-admin/includes/class-wp-filesystem-ftpext.php:420
Stack trace:
#0 /Applications/XAMPP/xamppfiles/htdocs/myproject/wordpress/wp-admin/includes/class-wp-filesystem-ftpext.php(420): ftp_nlist(NULL, '/Applications/X...')
#1 /Applications/XAMPP/xamppfiles/htdocs/myproject/wordpress/wp-content/plugins/seo-by-rank-math/includes/modules/robots-txt/class-robots-txt.php(94): WP_Filesystem_FTPext->exists('/Applications/X...')
#2 /Applications/XAMPP/xamppfiles/htdocs/myproject/wordpress/wp-content/plugins/seo-by-rank-math/includes/modules/robots-txt/options.php(14): RankMath\Robots_Txt::get_robots_data()
#3 /Applications/XAMPP/xamppfiles/htdocs/myproject/wordpress/wp-content/plugins/seo-by-rank-math/includes/admin/class-options.php(168): include('/Applications/X...')
#4 /Applications/XAMPP/xamppfiles/htdocs/myproject/wordpress/wp-includes/class-wp-hook.php(292): RankMath\Admin\Options->register_option_page('')
#5 /Applications/XAMPP/xamppfiles/htdocs/myproject/wordpress/wp-includes/class-wp-hook.php(316): WP_Hook->apply_filters('', Array)
#6 /Applications/XAMPP/xamppfiles/htdocs/myproject/wordpress/wp-includes/plugin.php(484): WP_Hook->do_action(Array)
#7 /Applications/XAMPP/xamppfiles/htdocs/myproject/wordpress/wp-content/plugins/seo-by-rank-math/vendor/cmb2/cmb2/bootstrap.php(26): do_action('cmb2_admin_init')
#8 /Applications/XAMPP/xamppfiles/htdocs/myproject/wordpress/wp-content/plugins/seo-by-rank-math/vendor/cmb2/cmb2/init.php(165): cmb2_bootstrap()
#9 /Applications/XAMPP/xamppfiles/htdocs/myproject/wordpress/wp-includes/class-wp-hook.php(292): CMB2_Bootstrap_290->include_cmb('')
#10 /Applications/XAMPP/xamppfiles/htdocs/myproject/wordpress/wp-includes/class-wp-hook.php(316): WP_Hook->apply_filters(NULL, Array)
#11 /Applications/XAMPP/xamppfiles/htdocs/myproject/wordpress/wp-includes/plugin.php(484): WP_Hook->do_action(Array)
#12 /Applications/XAMPP/xamppfiles/htdocs/myproject/wordpress/wp-settings.php(560): do_action('init')
#13 /Applications/XAMPP/xamppfiles/htdocs/myproject/wordpress/wp-config.php(90): require_once('/Applications/X...')
#14 /Applications/XAMPP/xamppfiles/htdocs/myproject/wordpress/wp-load.php(37): require_once('/Applications/X...')
#15 /Applications/XAMPP/xamppfiles/htdocs/myproject/wordpress/wp-admin/admin.php(34): require_once('/Applications/X...')
#16 /Applications/XAMPP/xamppfiles/htdocs/myproject/wordpress/wp-admin/about.php(10): require_once('/Applications/X...')
#17 {main}
  thrown in /Applications/XAMPP/xamppfiles/htdocs/myproject/wordpress/wp-admin/includes/class-wp-filesystem-ftpext.php on line 420

